<?xml version="1.0" encoding="UTF-8"?>
<!-- Generated by org.testng.reporters.JUnitXMLReporter -->
<testsuite hostname="NishantLaptop" failures="0" tests="4" name="Command line test" time="0.074" errors="0" timestamp="30 Aug 2023 17:23:52 GMT">
  <testcase classname="test.com.BankTest" name="testAccount" time="0.005"/>
  <testcase classname="test.com.BankTest" name="testBank" time="0.0"/>
  <testcase classname="test.com.BankTest" name="testCustomer" time="0.0"/>
  <testcase classname="test.com.BankTest" name="testEmployee" time="0.0"/>
</testsuite> <!-- Command line test -->
